Determining if the pthread_create exist failed with the following output:
Change Dir: /afs/athena.mit.edu/user/x/t/xtnbui/Desktop/6.837/6.837_final_project/CMakeFiles/CMakeTmp

Run Build Command:/usr/bin/make "cmTryCompileExec2859500257/fast"
/usr/bin/make -f CMakeFiles/cmTryCompileExec2859500257.dir/build.make CMakeFiles/cmTryCompileExec2859500257.dir/build
make[1]: Entering directory `/afs/athena.mit.edu/user/x/t/xtnbui/Desktop/6.837/6.837_final_project/CMakeFiles/CMakeTmp'
/usr/bin/cmake -E cmake_progress_report /afs/athena.mit.edu/user/x/t/xtnbui/Desktop/6.837/6.837_final_project/CMakeFiles/CMakeTmp/CMakeFiles 1
Building C object CMakeFiles/cmTryCompileExec2859500257.dir/CheckSymbolExists.c.o
/usr/bin/cc    -o CMakeFiles/cmTryCompileExec2859500257.dir/CheckSymbolExists.c.o   -c /afs/athena.mit.edu/user/x/t/xtnbui/Desktop/6.837/6.837_final_project/CMakeFiles/CMakeTmp/CheckSymbolExists.c
Linking C executable cmTryCompileExec2859500257
/usr/bin/cmake -E cmake_link_script CMakeFiles/cmTryCompileExec2859500257.dir/link.txt --verbose=1
/usr/bin/cc       CMakeFiles/cmTryCompileExec2859500257.dir/CheckSymbolExists.c.o  -o cmTryCompileExec2859500257 -rdynamic 
CMakeFiles/cmTryCompileExec2859500257.dir/CheckSymbolExists.c.o: In function `main':
CheckSymbolExists.c:(.text+0x16): undefined reference to `pthread_create'
collect2: error: ld returned 1 exit status
make[1]: *** [cmTryCompileExec2859500257] Error 1
make[1]: Leaving directory `/afs/athena.mit.edu/user/x/t/xtnbui/Desktop/6.837/6.837_final_project/CMakeFiles/CMakeTmp'
make: *** [cmTryCompileExec2859500257/fast] Error 2

File /afs/athena.mit.edu/user/x/t/xtnbui/Desktop/6.837/6.837_final_project/CMakeFiles/CMakeTmp/CheckSymbolExists.c:
/* */
#include <pthread.h>

int main(int argc, char** argv)
{
  (void)argv;
#ifndef pthread_create
  return ((int*)(&pthread_create))[argc];
#else
  (void)argc;
  return 0;
#endif
}

Determining if the function pthread_create exists in the pthreads failed with the following output:
Change Dir: /afs/athena.mit.edu/user/x/t/xtnbui/Desktop/6.837/6.837_final_project/CMakeFiles/CMakeTmp

Run Build Command:/usr/bin/make "cmTryCompileExec3760664636/fast"
/usr/bin/make -f CMakeFiles/cmTryCompileExec3760664636.dir/build.make CMakeFiles/cmTryCompileExec3760664636.dir/build
make[1]: Entering directory `/afs/athena.mit.edu/user/x/t/xtnbui/Desktop/6.837/6.837_final_project/CMakeFiles/CMakeTmp'
/usr/bin/cmake -E cmake_progress_report /afs/athena.mit.edu/user/x/t/xtnbui/Desktop/6.837/6.837_final_project/CMakeFiles/CMakeTmp/CMakeFiles 1
Building C object CMakeFiles/cmTryCompileExec3760664636.dir/CheckFunctionExists.c.o
/usr/bin/cc   -DCHECK_FUNCTION_EXISTS=pthread_create   -o CMakeFiles/cmTryCompileExec3760664636.dir/CheckFunctionExists.c.o   -c /usr/share/cmake-2.8/Modules/CheckFunctionExists.c
Linking C executable cmTryCompileExec3760664636
/usr/bin/cmake -E cmake_link_script CMakeFiles/cmTryCompileExec3760664636.dir/link.txt --verbose=1
/usr/bin/cc   -DCHECK_FUNCTION_EXISTS=pthread_create    CMakeFiles/cmTryCompileExec3760664636.dir/CheckFunctionExists.c.o  -o cmTryCompileExec3760664636 -rdynamic -lpthreads 
/usr/bin/ld: cannot find -lpthreads
collect2: error: ld returned 1 exit status
make[1]: *** [cmTryCompileExec3760664636] Error 1
make[1]: Leaving directory `/afs/athena.mit.edu/user/x/t/xtnbui/Desktop/6.837/6.837_final_project/CMakeFiles/CMakeTmp'
make: *** [cmTryCompileExec3760664636/fast] Error 2


Determining if the pthread_create exist failed with the following output:
Change Dir: /afs/athena.mit.edu/user/x/t/xtnbui/Desktop/6.837/6.837_final_project/CMakeFiles/CMakeTmp

Run Build Command:/usr/bin/make "cmTryCompileExec1058800692/fast"
/usr/bin/make -f CMakeFiles/cmTryCompileExec1058800692.dir/build.make CMakeFiles/cmTryCompileExec1058800692.dir/build
make[1]: Entering directory `/afs/athena.mit.edu/user/x/t/xtnbui/Desktop/6.837/6.837_final_project/CMakeFiles/CMakeTmp'
/usr/bin/cmake -E cmake_progress_report /afs/athena.mit.edu/user/x/t/xtnbui/Desktop/6.837/6.837_final_project/CMakeFiles/CMakeTmp/CMakeFiles 1
Building C object CMakeFiles/cmTryCompileExec1058800692.dir/CheckSymbolExists.c.o
/usr/bin/cc    -o CMakeFiles/cmTryCompileExec1058800692.dir/CheckSymbolExists.c.o   -c /afs/athena.mit.edu/user/x/t/xtnbui/Desktop/6.837/6.837_final_project/CMakeFiles/CMakeTmp/CheckSymbolExists.c
Linking C executable cmTryCompileExec1058800692
/usr/bin/cmake -E cmake_link_script CMakeFiles/cmTryCompileExec1058800692.dir/link.txt --verbose=1
/usr/bin/cc       CMakeFiles/cmTryCompileExec1058800692.dir/CheckSymbolExists.c.o  -o cmTryCompileExec1058800692 -rdynamic 
CMakeFiles/cmTryCompileExec1058800692.dir/CheckSymbolExists.c.o: In function `main':
CheckSymbolExists.c:(.text+0x16): undefined reference to `pthread_create'
collect2: error: ld returned 1 exit status
make[1]: *** [cmTryCompileExec1058800692] Error 1
make[1]: Leaving directory `/afs/athena.mit.edu/user/x/t/xtnbui/Desktop/6.837/6.837_final_project/CMakeFiles/CMakeTmp'
make: *** [cmTryCompileExec1058800692/fast] Error 2

File /afs/athena.mit.edu/user/x/t/xtnbui/Desktop/6.837/6.837_final_project/CMakeFiles/CMakeTmp/CheckSymbolExists.c:
/* */
#include <pthread.h>

int main(int argc, char** argv)
{
  (void)argv;
#ifndef pthread_create
  return ((int*)(&pthread_create))[argc];
#else
  (void)argc;
  return 0;
#endif
}

Determining if the function pthread_create exists in the pthreads failed with the following output:
Change Dir: /afs/athena.mit.edu/user/x/t/xtnbui/Desktop/6.837/6.837_final_project/CMakeFiles/CMakeTmp

Run Build Command:/usr/bin/make "cmTryCompileExec1352123339/fast"
/usr/bin/make -f CMakeFiles/cmTryCompileExec1352123339.dir/build.make CMakeFiles/cmTryCompileExec1352123339.dir/build
make[1]: Entering directory `/afs/athena.mit.edu/user/x/t/xtnbui/Desktop/6.837/6.837_final_project/CMakeFiles/CMakeTmp'
/usr/bin/cmake -E cmake_progress_report /afs/athena.mit.edu/user/x/t/xtnbui/Desktop/6.837/6.837_final_project/CMakeFiles/CMakeTmp/CMakeFiles 1
Building C object CMakeFiles/cmTryCompileExec1352123339.dir/CheckFunctionExists.c.o
/usr/bin/cc   -DCHECK_FUNCTION_EXISTS=pthread_create   -o CMakeFiles/cmTryCompileExec1352123339.dir/CheckFunctionExists.c.o   -c /usr/share/cmake-2.8/Modules/CheckFunctionExists.c
Linking C executable cmTryCompileExec1352123339
/usr/bin/cmake -E cmake_link_script CMakeFiles/cmTryCompileExec1352123339.dir/link.txt --verbose=1
/usr/bin/cc   -DCHECK_FUNCTION_EXISTS=pthread_create    CMakeFiles/cmTryCompileExec1352123339.dir/CheckFunctionExists.c.o  -o cmTryCompileExec1352123339 -rdynamic -lpthreads 
/usr/bin/ld: cannot find -lpthreads
collect2: error: ld returned 1 exit status
make[1]: *** [cmTryCompileExec1352123339] Error 1
make[1]: Leaving directory `/afs/athena.mit.edu/user/x/t/xtnbui/Desktop/6.837/6.837_final_project/CMakeFiles/CMakeTmp'
make: *** [cmTryCompileExec1352123339/fast] Error 2


