Determining if the pthread_create exist failed with the following output:
Change Dir: /afs/athena.mit.edu/user/x/t/xtnbui/Desktop/6.837/FinalProject/build/CMakeFiles/CMakeTmp

Run Build Command:/usr/bin/make "cmTryCompileExec387759063/fast"
/usr/bin/make -f CMakeFiles/cmTryCompileExec387759063.dir/build.make CMakeFiles/cmTryCompileExec387759063.dir/build
make[1]: Entering directory `/afs/athena.mit.edu/user/x/t/xtnbui/Desktop/6.837/FinalProject/build/CMakeFiles/CMakeTmp'
/usr/bin/cmake -E cmake_progress_report /afs/athena.mit.edu/user/x/t/xtnbui/Desktop/6.837/FinalProject/build/CMakeFiles/CMakeTmp/CMakeFiles 1
Building C object CMakeFiles/cmTryCompileExec387759063.dir/CheckSymbolExists.c.o
/usr/bin/cc    -o CMakeFiles/cmTryCompileExec387759063.dir/CheckSymbolExists.c.o   -c /afs/athena.mit.edu/user/x/t/xtnbui/Desktop/6.837/FinalProject/build/CMakeFiles/CMakeTmp/CheckSymbolExists.c
Linking C executable cmTryCompileExec387759063
/usr/bin/cmake -E cmake_link_script CMakeFiles/cmTryCompileExec387759063.dir/link.txt --verbose=1
/usr/bin/cc       CMakeFiles/cmTryCompileExec387759063.dir/CheckSymbolExists.c.o  -o cmTryCompileExec387759063 -rdynamic 
CMakeFiles/cmTryCompileExec387759063.dir/CheckSymbolExists.c.o: In function `main':
CheckSymbolExists.c:(.text+0x16): undefined reference to `pthread_create'
collect2: error: ld returned 1 exit status
make[1]: *** [cmTryCompileExec387759063] Error 1
make[1]: Leaving directory `/afs/athena.mit.edu/user/x/t/xtnbui/Desktop/6.837/FinalProject/build/CMakeFiles/CMakeTmp'
make: *** [cmTryCompileExec387759063/fast] Error 2

File /afs/athena.mit.edu/user/x/t/xtnbui/Desktop/6.837/FinalProject/build/CMakeFiles/CMakeTmp/CheckSymbolExists.c:
/* */
#include <pthread.h>

int main(int argc, char** argv)
{
  (void)argv;
#ifndef pthread_create
  return ((int*)(&pthread_create))[argc];
#else
  (void)argc;
  return 0;
#endif
}

Determining if the function pthread_create exists in the pthreads failed with the following output:
Change Dir: /afs/athena.mit.edu/user/x/t/xtnbui/Desktop/6.837/FinalProject/build/CMakeFiles/CMakeTmp

Run Build Command:/usr/bin/make "cmTryCompileExec2529526336/fast"
/usr/bin/make -f CMakeFiles/cmTryCompileExec2529526336.dir/build.make CMakeFiles/cmTryCompileExec2529526336.dir/build
make[1]: Entering directory `/afs/athena.mit.edu/user/x/t/xtnbui/Desktop/6.837/FinalProject/build/CMakeFiles/CMakeTmp'
/usr/bin/cmake -E cmake_progress_report /afs/athena.mit.edu/user/x/t/xtnbui/Desktop/6.837/FinalProject/build/CMakeFiles/CMakeTmp/CMakeFiles 1
Building C object CMakeFiles/cmTryCompileExec2529526336.dir/CheckFunctionExists.c.o
/usr/bin/cc   -DCHECK_FUNCTION_EXISTS=pthread_create   -o CMakeFiles/cmTryCompileExec2529526336.dir/CheckFunctionExists.c.o   -c /usr/share/cmake-2.8/Modules/CheckFunctionExists.c
Linking C executable cmTryCompileExec2529526336
/usr/bin/cmake -E cmake_link_script CMakeFiles/cmTryCompileExec2529526336.dir/link.txt --verbose=1
/usr/bin/cc   -DCHECK_FUNCTION_EXISTS=pthread_create    CMakeFiles/cmTryCompileExec2529526336.dir/CheckFunctionExists.c.o  -o cmTryCompileExec2529526336 -rdynamic -lpthreads 
/usr/bin/ld: cannot find -lpthreads
collect2: error: ld returned 1 exit status
make[1]: *** [cmTryCompileExec2529526336] Error 1
make[1]: Leaving directory `/afs/athena.mit.edu/user/x/t/xtnbui/Desktop/6.837/FinalProject/build/CMakeFiles/CMakeTmp'
make: *** [cmTryCompileExec2529526336/fast] Error 2


